<?xml version="1.0" encoding="UTF-8"?>
<testsuite name="htw.webtech.test.TestApplicationTests" tests="1" skipped="0" failures="0" errors="0" timestamp="2025-11-23T14:06:48.217Z" hostname="MacBookPro" time="0.532">
  <properties/>
  <testcase name="contextLoads()" classname="htw.webtech.test.TestApplicationTests" time="0.532"/>
  <system-out><![CDATA[15:06:46.907 [Test worker] INFO org.springframework.test.context.support.AnnotationConfigContextLoaderUtils -- Could not detect default configuration classes for test class [htw.webtech.test.TestApplicationTests]: TestApplicationTests does not declare any static, non-private, non-final, nested classes annotated with @Configuration.
15:06:46.954 [Test worker] INFO org.springframework.boot.test.context.SpringBootTestContextBootstrapper -- Found @SpringBootConfiguration htw.webtech.test.TestApplication for test class htw.webtech.test.TestApplicationTests

  .   ____          _            __ _ _
 /\\ / ___'_ __ _ _(_)_ __  __ _ \ \ \ \
( ( )\___ | '_ | '_| | '_ \/ _` | \ \ \ \
 \\/  ___)| |_)| | | | | || (_| |  ) ) ) )
  '  |____| .__|_| |_|_| |_\__, | / / / /
 =========|_|==============|___/=/_/_/_/

 :: Spring Boot ::                (v3.5.6)

2025-11-23T15:06:47.125+01:00  INFO 77614 --- [test] [    Test worker] htw.webtech.test.TestApplicationTests    : Starting TestApplicationTests using Java 21.0.7 with PID 77614 (started by svenvo in /Users/svenvo/IdeaProjects/ha6-Svenvo2003/webtech-bung)
2025-11-23T15:06:47.126+01:00  INFO 77614 --- [test] [    Test worker] htw.webtech.test.TestApplicationTests    : No active profile set, falling back to 1 default profile: "default"
2025-11-23T15:06:47.374+01:00  INFO 77614 --- [test] [    Test worker] .s.d.r.c.RepositoryConfigurationDelegate : Bootstrapping Spring Data JPA repositories in DEFAULT mode.
2025-11-23T15:06:47.384+01:00  INFO 77614 --- [test] [    Test worker] .s.d.r.c.RepositoryConfigurationDelegate : Finished Spring Data repository scanning in 6 ms. Found 0 JPA repository interfaces.
2025-11-23T15:06:47.522+01:00  INFO 77614 --- [test] [    Test worker] com.zaxxer.hikari.HikariDataSource       : HikariPool-1 - Starting...
2025-11-23T15:06:47.602+01:00  INFO 77614 --- [test] [    Test worker] com.zaxxer.hikari.pool.HikariPool        : HikariPool-1 - Added connection conn0: url=jdbc:h2:mem:6491c006-0945-433c-8248-422e913d9b0e user=SA
2025-11-23T15:06:47.603+01:00  INFO 77614 --- [test] [    Test worker] com.zaxxer.hikari.HikariDataSource       : HikariPool-1 - Start completed.
2025-11-23T15:06:47.622+01:00  INFO 77614 --- [test] [    Test worker] o.hibernate.jpa.internal.util.LogHelper  : HHH000204: Processing PersistenceUnitInfo [name: default]
2025-11-23T15:06:47.646+01:00  INFO 77614 --- [test] [    Test worker] org.hibernate.Version                    : HHH000412: Hibernate ORM core version 6.6.29.Final
2025-11-23T15:06:47.660+01:00  INFO 77614 --- [test] [    Test worker] o.h.c.internal.RegionFactoryInitiator    : HHH000026: Second-level cache disabled
2025-11-23T15:06:47.787+01:00  INFO 77614 --- [test] [    Test worker] o.s.o.j.p.SpringPersistenceUnitInfo      : No LoadTimeWeaver setup: ignoring JPA class transformer
2025-11-23T15:06:47.824+01:00  INFO 77614 --- [test] [    Test worker] org.hibernate.orm.connections.pooling    : HHH10001005: Database info:
	Database JDBC URL [Connecting through datasource 'HikariDataSource (HikariPool-1)']
	Database driver: undefined/unknown
	Database version: 2.3.232
	Autocommit mode: undefined/unknown
	Isolation level: undefined/unknown
	Minimum pool size: undefined/unknown
	Maximum pool size: undefined/unknown
2025-11-23T15:06:47.969+01:00  INFO 77614 --- [test] [    Test worker] o.h.e.t.j.p.i.JtaPlatformInitiator       : HHH000489: No JTA platform available (set 'hibernate.transaction.jta.platform' to enable JTA platform integration)
2025-11-23T15:06:47.971+01:00  INFO 77614 --- [test] [    Test worker] j.LocalContainerEntityManagerFactoryBean : Initialized JPA EntityManagerFactory for persistence unit 'default'
2025-11-23T15:06:48.034+01:00  WARN 77614 --- [test] [    Test worker] JpaBaseConfiguration$JpaWebConfiguration : spring.jpa.open-in-view is enabled by default. Therefore, database queries may be performed during view rendering. Explicitly configure spring.jpa.open-in-view to disable this warning
2025-11-23T15:06:48.210+01:00  INFO 77614 --- [test] [    Test worker] htw.webtech.test.TestApplicationTests    : Started TestApplicationTests in 1.195 seconds (process running for 1.679)
]]></system-out>
  <system-err><![CDATA[Mockito is currently self-attaching to enable the inline-mock-maker. This will no longer work in future releases of the JDK. Please add Mockito as an agent to your build as described in Mockito's documentation: https://javadoc.io/doc/org.mockito/mockito-core/latest/org.mockito/org/mockito/Mockito.html#0.3
WARNING: A Java agent has been loaded dynamically (/Users/svenvo/.gradle/caches/modules-2/files-2.1/net.bytebuddy/byte-buddy-agent/1.17.7/fbf3d6d649ed37fc9e9c59480a05be0a26e3c2da/byte-buddy-agent-1.17.7.jar)
WARNING: If a serviceability tool is in use, please run with -XX:+EnableDynamicAgentLoading to hide this warning
WARNING: If a serviceability tool is not in use, please run with -Djdk.instrument.traceUsage for more information
WARNING: Dynamic loading of agents will be disallowed by default in a future release
]]></system-err>
</testsuite>
